{
  "stats": {
    "suites": 1,
    "tests": 1,
    "passes": 0,
    "pending": 0,
    "failures": 1,
    "start": "2025-06-02T22:21:48.149Z",
    "end": "2025-06-02T22:22:05.684Z",
    "duration": 17535,
    "testsRegistered": 1,
    "passPercent": 0,
    "pendingPercent": 0,
    "other": 0,
    "hasOther": false,
    "skipped": 0,
    "hasSkipped": false
  },
  "results": [
    {
      "uuid": "4cb7164e-5a19-49ab-86e5-3b02a1c7cbbe",
      "title": "",
      "fullFile": "cypress/e2e/webTablesTest.spec.cy.js",
      "file": "cypress/e2e/webTablesTest.spec.cy.js",
      "beforeHooks": [],
      "afterHooks": [],
      "tests": [],
      "suites": [
        {
          "uuid": "a177077f-d9ad-4c07-a5dc-c1a107ca97cd",
          "title": "Web Tables - CRUD Testes",
          "fullFile": "",
          "file": "",
          "beforeHooks": [],
          "afterHooks": [],
          "tests": [
            {
              "title": "Deve criar, editar e deletar um registro",
              "fullTitle": "Web Tables - CRUD Testes Deve criar, editar e deletar um registro",
              "timedOut": null,
              "duration": 17306,
              "state": "failed",
              "speed": null,
              "pass": false,
              "fail": true,
              "pending": false,
              "context": null,
              "code": "const email = 'murilo.galindo@example.com';\n_webTablesPage.default.criarRegistro();\n_webTablesPage.default.editarRegistro();\n_webTablesPage.default.deletarRegistroPorEmail(email);\n_webTablesPage.default.validarRegistroDeletado();",
              "err": {
                "message": "AssertionError: Timed out retrying after 4000ms: Expected to find element: `#firstName`, but never found it.",
                "estack": "AssertionError: Timed out retrying after 4000ms: Expected to find element: `#firstName`, but never found it.\n    at WebTablesPage.editarRegistro (webpack://e2e-test-cypress/./cypress/pages/webTablesPage.js:21:7)\n    at Context.eval (webpack://e2e-test-cypress/./cypress/e2e/webTablesTest.spec.cy.js:12:18)",
                "diff": null
              },
              "uuid": "c4959e1d-7748-4f8f-860b-ce8aefec03fc",
              "parentUUID": "a177077f-d9ad-4c07-a5dc-c1a107ca97cd",
              "isHook": false,
              "skipped": false
            }
          ],
          "suites": [],
          "passes": [],
          "failures": [
            "c4959e1d-7748-4f8f-860b-ce8aefec03fc"
          ],
          "pending": [],
          "skipped": [],
          "duration": 17306,
          "root": false,
          "rootEmpty": false,
          "_timeout": 2000
        }
      ],
      "passes": [],
      "failures": [],
      "pending": [],
      "skipped": [],
      "duration": 0,
      "root": true,
      "rootEmpty": true,
      "_timeout": 2000
    }
  ],
  "meta": {
    "mocha": {
      "version": "7.2.0"
    },
    "mochawesome": {
      "options": {
        "quiet": false,
        "reportFilename": "mochawesome",
        "saveHtml": true,
        "saveJson": true,
        "consoleReporter": "spec",
        "useInlineDiffs": false,
        "code": true
      },
      "version": "7.1.3"
    },
    "marge": {
      "options": {
        "reportDir": "cypress/reports",
        "overwrite": false,
        "html": true,
        "json": true
      },
      "version": "6.2.0"
    }
  }
}