{
  "stats": {
    "suites": 1,
    "tests": 1,
    "passes": 0,
    "pending": 0,
    "failures": 1,
    "start": "2025-06-03T01:37:33.668Z",
    "end": "2025-06-03T01:38:00.589Z",
    "duration": 26921,
    "testsRegistered": 1,
    "passPercent": 0,
    "pendingPercent": 0,
    "other": 0,
    "hasOther": false,
    "skipped": 0,
    "hasSkipped": false
  },
  "results": [
    {
      "uuid": "f385fe45-5375-40a9-b61f-d37ed0ecf02a",
      "title": "",
      "fullFile": "cypress/e2e/progressBarTest.spec.cy.js",
      "file": "cypress/e2e/progressBarTest.spec.cy.js",
      "beforeHooks": [],
      "afterHooks": [],
      "tests": [],
      "suites": [
        {
          "uuid": "e2c7de13-cdec-4809-90d5-8babfe8d8c4b",
          "title": "Progress Bar - Widget DemoQA",
          "fullFile": "",
          "file": "",
          "beforeHooks": [],
          "afterHooks": [],
          "tests": [
            {
              "title": "Must be start, stop before 25% and validate, after complete should be restarted",
              "fullTitle": "Progress Bar - Widget DemoQA Must be start, stop before 25% and validate, after complete should be restarted",
              "timedOut": null,
              "duration": 26713,
              "state": "failed",
              "speed": null,
              "pass": false,
              "fail": true,
              "pending": false,
              "context": null,
              "code": "progressBarPage.acessarMenuWidgets();\nprogressBarPage.acessarSubmenuProgressBar();\n// Starts and stops before 25%\nprogressBarPage.clicarStart();\nprogressBarPage.esperarEAbrirAntesDos25();\n// Start again and let it reach 100%, then reset\nprogressBarPage.esperar100EPararEResetar();\n// Assert: Checks if the bar has been reset to 0 after reaching 100%\ncy.get('#progressBar').should('have.attr', 'aria-valuenow', '0');\n// Check if the home page loaded correctly\ncy.url().should('include', 'demoqa.com');\nformPage.goToPracticeForm();",
              "err": {
                "message": "ReferenceError: formPage is not defined",
                "estack": "ReferenceError: formPage is not defined\n    at Context.eval (webpack://e2e-test-cypress/./cypress/e2e/progressBarTest.spec.cy.js:26:4)\n    at runnable.fn (https://demoqa.com/__cypress/runner/cypress_runner.js:141400:19)\n    at callFn (https://demoqa.com/__cypress/runner/cypress_runner.js:160478:21)\n    at Runnable.run (https://demoqa.com/__cypress/runner/cypress_runner.js:160465:7)\n    at <unknown> (https://demoqa.com/__cypress/runner/cypress_runner.js:166537:30)\n    at PassThroughHandlerContext.finallyHandler (https://demoqa.com/__cypress/runner/cypress_runner.js:4042:23)\n    at PassThroughHandlerContext.tryCatcher (https://demoqa.com/__cypress/runner/cypress_runner.js:1777:23)\n    at Promise._settlePromiseFromHandler (https://demoqa.com/__cypress/runner/cypress_runner.js:1489:31)\n    at Promise._settlePromise (https://demoqa.com/__cypress/runner/cypress_runner.js:1546:18)",
                "diff": null
              },
              "uuid": "e115e325-3e01-4867-b6fa-5e54e262fcf3",
              "parentUUID": "e2c7de13-cdec-4809-90d5-8babfe8d8c4b",
              "isHook": false,
              "skipped": false
            }
          ],
          "suites": [],
          "passes": [],
          "failures": [
            "e115e325-3e01-4867-b6fa-5e54e262fcf3"
          ],
          "pending": [],
          "skipped": [],
          "duration": 26713,
          "root": false,
          "rootEmpty": false,
          "_timeout": 2000
        }
      ],
      "passes": [],
      "failures": [],
      "pending": [],
      "skipped": [],
      "duration": 0,
      "root": true,
      "rootEmpty": true,
      "_timeout": 2000
    }
  ],
  "meta": {
    "mocha": {
      "version": "7.2.0"
    },
    "mochawesome": {
      "options": {
        "quiet": false,
        "reportFilename": "mochawesome",
        "saveHtml": true,
        "saveJson": true,
        "consoleReporter": "spec",
        "useInlineDiffs": false,
        "code": true
      },
      "version": "7.1.3"
    },
    "marge": {
      "options": {
        "reportDir": "cypress/reports",
        "overwrite": false,
        "html": true,
        "json": true
      },
      "version": "6.2.0"
    }
  }
}