{
  "stats": {
    "suites": 1,
    "tests": 1,
    "passes": 1,
    "pending": 0,
    "failures": 0,
    "start": "2025-06-02T22:22:07.469Z",
    "end": "2025-06-02T22:22:19.872Z",
    "duration": 12403,
    "testsRegistered": 1,
    "passPercent": 100,
    "pendingPercent": 0,
    "other": 0,
    "hasOther": false,
    "skipped": 0,
    "hasSkipped": false
  },
  "results": [
    {
      "uuid": "30aed634-08ba-4419-8fb5-988e9963baa4",
      "title": "",
      "fullFile": "cypress/e2e/windowTest.spec.cy.js",
      "file": "cypress/e2e/windowTest.spec.cy.js",
      "beforeHooks": [],
      "afterHooks": [],
      "tests": [],
      "suites": [
        {
          "uuid": "59e3c2d7-0c3f-42c3-8c31-e5cb7caedfd6",
          "title": "Teste de nova janela em demoqa.com",
          "fullFile": "",
          "file": "",
          "beforeHooks": [],
          "afterHooks": [],
          "tests": [
            {
              "title": "Deve abrir uma nova janela e validar a mensagem",
              "fullTitle": "Teste de nova janela em demoqa.com Deve abrir uma nova janela e validar a mensagem",
              "timedOut": null,
              "duration": 11953,
              "state": "passed",
              "speed": "slow",
              "pass": true,
              "fail": false,
              "pending": false,
              "context": null,
              "code": "cy.visit('https://demoqa.com/');\nwindowsPage.acessarMenuPrincipal();\nwindowsPage.acessarSubmenuBrowserWindows();\nwindowsPage.clicarBotaoNovaJanela();\n// Navega diretamente para a nova janela, já que Cypress não suporta múltiplas janelas reais\nwindowsPage.validarMensagemNovaJanela();\n// Valida que voltou\ncy.visit('https://demoqa.com/sample');\ncy.get('h1').should('contain', 'This is a sample page');\n// Simula \"fechar a janela\" voltando para a anterior:\ncy.visit('https://demoqa.com/browser-windows');",
              "err": {},
              "uuid": "98e014ff-115e-4255-b40e-16186a2859f0",
              "parentUUID": "59e3c2d7-0c3f-42c3-8c31-e5cb7caedfd6",
              "isHook": false,
              "skipped": false
            }
          ],
          "suites": [],
          "passes": [
            "98e014ff-115e-4255-b40e-16186a2859f0"
          ],
          "failures": [],
          "pending": [],
          "skipped": [],
          "duration": 11953,
          "root": false,
          "rootEmpty": false,
          "_timeout": 2000
        }
      ],
      "passes": [],
      "failures": [],
      "pending": [],
      "skipped": [],
      "duration": 0,
      "root": true,
      "rootEmpty": true,
      "_timeout": 2000
    }
  ],
  "meta": {
    "mocha": {
      "version": "7.2.0"
    },
    "mochawesome": {
      "options": {
        "quiet": false,
        "reportFilename": "mochawesome",
        "saveHtml": true,
        "saveJson": true,
        "consoleReporter": "spec",
        "useInlineDiffs": false,
        "code": true
      },
      "version": "7.1.3"
    },
    "marge": {
      "options": {
        "reportDir": "cypress/reports",
        "overwrite": false,
        "html": true,
        "json": true
      },
      "version": "6.2.0"
    }
  }
}