{
  "stats": {
    "suites": 1,
    "tests": 1,
    "passes": 1,
    "pending": 0,
    "failures": 0,
    "start": "2025-06-02T22:21:16.043Z",
    "end": "2025-06-02T22:21:36.245Z",
    "duration": 20202,
    "testsRegistered": 1,
    "passPercent": 100,
    "pendingPercent": 0,
    "other": 0,
    "hasOther": false,
    "skipped": 0,
    "hasSkipped": false
  },
  "results": [
    {
      "uuid": "b2c2b61c-0ca8-46e9-8e94-687cc1b2cc38",
      "title": "",
      "fullFile": "cypress/e2e/progressBarTest.spec.cy.js",
      "file": "cypress/e2e/progressBarTest.spec.cy.js",
      "beforeHooks": [],
      "afterHooks": [],
      "tests": [],
      "suites": [
        {
          "uuid": "288aba2f-2170-4918-93ee-d498407b50db",
          "title": "Progress Bar - Widget DemoQA",
          "fullFile": "",
          "file": "",
          "beforeHooks": [],
          "afterHooks": [],
          "tests": [
            {
              "title": "Deve iniciar, parar antes dos 25% e validar, depois completar e resetar",
              "fullTitle": "Progress Bar - Widget DemoQA Deve iniciar, parar antes dos 25% e validar, depois completar e resetar",
              "timedOut": null,
              "duration": 20057,
              "state": "passed",
              "speed": "slow",
              "pass": true,
              "fail": false,
              "pending": false,
              "context": null,
              "code": "progressBarPage.acessarMenuWidgets();\nprogressBarPage.acessarSubmenuProgressBar();\n// Inicia e para antes dos 25%\nprogressBarPage.clicarStart();\nprogressBarPage.esperarEAbrirAntesDos25();\n// Inicia novamente e deixa até 100%, então reseta\nprogressBarPage.esperar100EPararEResetar();",
              "err": {},
              "uuid": "2af64984-2de0-434e-8971-ba634a0e8fba",
              "parentUUID": "288aba2f-2170-4918-93ee-d498407b50db",
              "isHook": false,
              "skipped": false
            }
          ],
          "suites": [],
          "passes": [
            "2af64984-2de0-434e-8971-ba634a0e8fba"
          ],
          "failures": [],
          "pending": [],
          "skipped": [],
          "duration": 20057,
          "root": false,
          "rootEmpty": false,
          "_timeout": 2000
        }
      ],
      "passes": [],
      "failures": [],
      "pending": [],
      "skipped": [],
      "duration": 0,
      "root": true,
      "rootEmpty": true,
      "_timeout": 2000
    }
  ],
  "meta": {
    "mocha": {
      "version": "7.2.0"
    },
    "mochawesome": {
      "options": {
        "quiet": false,
        "reportFilename": "mochawesome",
        "saveHtml": true,
        "saveJson": true,
        "consoleReporter": "spec",
        "useInlineDiffs": false,
        "code": true
      },
      "version": "7.1.3"
    },
    "marge": {
      "options": {
        "reportDir": "cypress/reports",
        "overwrite": false,
        "html": true,
        "json": true
      },
      "version": "6.2.0"
    }
  }
}