{
  "stats": {
    "suites": 1,
    "tests": 1,
    "passes": 0,
    "pending": 0,
    "failures": 1,
    "start": "2025-06-03T01:39:01.730Z",
    "end": "2025-06-03T01:39:10.146Z",
    "duration": 8416,
    "testsRegistered": 1,
    "passPercent": 0,
    "pendingPercent": 0,
    "other": 0,
    "hasOther": false,
    "skipped": 0,
    "hasSkipped": false
  },
  "results": [
    {
      "uuid": "e85af508-cfba-460a-ade1-daeaf84fd2db",
      "title": "",
      "fullFile": "cypress/e2e/progressBarTest.spec.cy.js",
      "file": "cypress/e2e/progressBarTest.spec.cy.js",
      "beforeHooks": [],
      "afterHooks": [],
      "tests": [],
      "suites": [
        {
          "uuid": "ab9a60b7-e365-42ff-9c90-d155eb4b1cc1",
          "title": "Progress Bar - Widget DemoQA",
          "fullFile": "",
          "file": "",
          "beforeHooks": [],
          "afterHooks": [],
          "tests": [
            {
              "title": "Must be start, stop before 25% and validate, after complete should be restarted",
              "fullTitle": "Progress Bar - Widget DemoQA Must be start, stop before 25% and validate, after complete should be restarted",
              "timedOut": null,
              "duration": 8178,
              "state": "failed",
              "speed": null,
              "pass": false,
              "fail": true,
              "pending": false,
              "context": null,
              "code": "progressBarPage.acessarMenuWidgets();\nprogressBarPage.acessarSubmenuProgressBar();\n// Starts and stops before 25%\nprogressBarPage.clicarStart();\nprogressBarPage.esperarEAbrirAntesDos25();\n// Start again and let it reach 100%, then reset\nprogressBarPage.esperar100EPararEResetar();\n// Assert: Checks if the bar has been reset to 0 after reaching 100%\ncy.get('#progressBar').should('have.attr', 'aria-valuenow', '0');\n// Check if the home page loaded correctly\ncy.url().should('include', 'demoqa.com');\nformPage.goToPracticeForm();",
              "err": {
                "message": "ReferenceError: formPage is not defined",
                "estack": "ReferenceError: formPage is not defined\n    at Context.eval (webpack://e2e-test-cypress/./cypress/e2e/progressBarTest.spec.cy.js:26:4)\n    at runnable.fn (https://demoqa.com/__cypress/runner/cypress_runner.js:141400:19)\n    at callFn (https://demoqa.com/__cypress/runner/cypress_runner.js:160478:21)\n    at Runnable.run (https://demoqa.com/__cypress/runner/cypress_runner.js:160465:7)\n    at <unknown> (https://demoqa.com/__cypress/runner/cypress_runner.js:166537:30)\n    at PassThroughHandlerContext.finallyHandler (https://demoqa.com/__cypress/runner/cypress_runner.js:4042:23)\n    at PassThroughHandlerContext.tryCatcher (https://demoqa.com/__cypress/runner/cypress_runner.js:1777:23)\n    at Promise._settlePromiseFromHandler (https://demoqa.com/__cypress/runner/cypress_runner.js:1489:31)\n    at Promise._settlePromise (https://demoqa.com/__cypress/runner/cypress_runner.js:1546:18)",
                "diff": null
              },
              "uuid": "b8b6082c-4422-49b2-9387-21f6ab4f2d10",
              "parentUUID": "ab9a60b7-e365-42ff-9c90-d155eb4b1cc1",
              "isHook": false,
              "skipped": false
            }
          ],
          "suites": [],
          "passes": [],
          "failures": [
            "b8b6082c-4422-49b2-9387-21f6ab4f2d10"
          ],
          "pending": [],
          "skipped": [],
          "duration": 8178,
          "root": false,
          "rootEmpty": false,
          "_timeout": 2000
        }
      ],
      "passes": [],
      "failures": [],
      "pending": [],
      "skipped": [],
      "duration": 0,
      "root": true,
      "rootEmpty": true,
      "_timeout": 2000
    }
  ],
  "meta": {
    "mocha": {
      "version": "7.2.0"
    },
    "mochawesome": {
      "options": {
        "quiet": false,
        "reportFilename": "mochawesome",
        "saveHtml": true,
        "saveJson": true,
        "consoleReporter": "spec",
        "useInlineDiffs": false,
        "code": true
      },
      "version": "7.1.3"
    },
    "marge": {
      "options": {
        "reportDir": "cypress/reports",
        "overwrite": false,
        "html": true,
        "json": true
      },
      "version": "6.2.0"
    }
  }
}