{
  "stats": {
    "suites": 1,
    "tests": 1,
    "passes": 1,
    "pending": 0,
    "failures": 0,
    "start": "2025-06-03T01:31:37.390Z",
    "end": "2025-06-03T01:32:02.197Z",
    "duration": 24807,
    "testsRegistered": 1,
    "passPercent": 100,
    "pendingPercent": 0,
    "other": 0,
    "hasOther": false,
    "skipped": 0,
    "hasSkipped": false
  },
  "results": [
    {
      "uuid": "bc1f053a-606a-423e-bce5-476c7ffa7610",
      "title": "",
      "fullFile": "cypress/e2e/formTest.spec.cy.js",
      "file": "cypress/e2e/formTest.spec.cy.js",
      "beforeHooks": [],
      "afterHooks": [],
      "tests": [],
      "suites": [
        {
          "uuid": "a176664c-6dcc-4186-a501-c5a6949b2ec2",
          "title": "Practice form - DemoQA",
          "fullFile": "",
          "file": "",
          "beforeHooks": [],
          "afterHooks": [],
          "tests": [
            {
              "title": "You must complete and submit the form successfully.",
              "fullTitle": "Practice form - DemoQA You must complete and submit the form successfully.",
              "timedOut": null,
              "duration": 24634,
              "state": "passed",
              "speed": "slow",
              "pass": true,
              "fail": false,
              "pending": false,
              "context": null,
              "code": "_formPage.default.visit();\n_formPage.default.goToPracticeForm();\n_formPage.default.fillFormRandomly();\n_formPage.default.submitForm();\n_formPage.default.verifyPopupVisible();\n_formPage.default.closePopup();\n// Check if the home page loaded correctly\ncy.url().should('include', 'demoqa.com');\n_formPage.default.goToPracticeForm();\n// Verify if the form is visible\ncy.get('.practice-form-wrapper').should('be.visible');\n_formPage.default.fillFormRandomly();",
              "err": {},
              "uuid": "87036630-1327-4674-a8db-06112ddd0de3",
              "parentUUID": "a176664c-6dcc-4186-a501-c5a6949b2ec2",
              "isHook": false,
              "skipped": false
            }
          ],
          "suites": [],
          "passes": [
            "87036630-1327-4674-a8db-06112ddd0de3"
          ],
          "failures": [],
          "pending": [],
          "skipped": [],
          "duration": 24634,
          "root": false,
          "rootEmpty": false,
          "_timeout": 2000
        }
      ],
      "passes": [],
      "failures": [],
      "pending": [],
      "skipped": [],
      "duration": 0,
      "root": true,
      "rootEmpty": true,
      "_timeout": 2000
    }
  ],
  "meta": {
    "mocha": {
      "version": "7.2.0"
    },
    "mochawesome": {
      "options": {
        "quiet": false,
        "reportFilename": "mochawesome",
        "saveHtml": true,
        "saveJson": true,
        "consoleReporter": "spec",
        "useInlineDiffs": false,
        "code": true
      },
      "version": "7.1.3"
    },
    "marge": {
      "options": {
        "reportDir": "cypress/reports",
        "overwrite": false,
        "html": true,
        "json": true
      },
      "version": "6.2.0"
    }
  }
}